2023-01-22 21:51 [INFO]: Simple page rendered: about
2023-01-22 21:52 [DEBUG]: Save new message
2023-01-22 21:52 [DEBUG]: Create new course: xv
2023-01-22 21:53 [DEBUG]: Create new program: xxdddd
2023-01-22 21:55 [DEBUG]: Create new course: asd
2023-01-22 21:56 [DEBUG]: Create new course: aaaa
2023-01-22 21:56 [DEBUG]: Course been copied: aaaa
2023-01-23 17:05 [DEBUG]: Save new message
2023-01-23 17:22 [INFO]: Simple page rendered: about
2023-01-23 17:23 [INFO]: Simple page rendered: about
2023-01-23 17:23 [DEBUG]: Save new message
2023-01-26 14:33 [INFO]: Simple page rendered: about
2023-01-26 14:56 [INFO]: Simple page rendered: about
2023-01-26 14:57 [INFO]: Simple page rendered: about
2023-01-26 14:57 [DEBUG]: Save new message
2023-01-26 14:58 [DEBUG]: Save new message
2023-01-26 14:59 [DEBUG]: Create new program: asdasd
2023-01-26 15:50 [DEBUG]: Create new course: sfs
2023-01-26 15:51 [DEBUG]: Create new course: asdasd
2023-01-26 15:52 [DEBUG]: Create new course: asd
2023-01-26 15:53 [DEBUG]: Create new course: asd
2023-01-26 15:53 [DEBUG]: Course been copied: asd
2023-01-26 15:53 [INFO]: Simple page rendered: about
2023-01-26 18:12 [INFO]: Simple page rendered: about
2023-01-26 18:21 [DEBUG]: Create new program: sdad
2023-01-26 18:21 [DEBUG]: Create new course: asdasd
2023-01-26 18:21 [INFO]: Simple page rendered: about
2023-01-28 18:43 [INFO]: Simple page rendered: about
2023-01-28 18:59 [DEBUG]: Create new course: asd
2023-01-28 21:57 [DEBUG]: Create new program: 
2023-01-28 21:58 [DEBUG]: Create new program: aaaa
2023-01-28 21:58 [DEBUG]: Create new program: aaa
2023-01-28 22:00 [DEBUG]: Create new program: 333
2023-01-28 22:19 [DEBUG]: Create new program: dsdsd
2023-01-28 22:20 [DEBUG]: Create new program: sdsd
2023-01-28 22:20 [DEBUG]: Create new program: as
2023-01-28 22:28 [DEBUG]: Create new course: Course
2023-01-28 22:28 [DEBUG]: Course been copied: Course
2023-01-28 22:32 [DEBUG]: Create new course: s
2023-01-28 22:32 [DEBUG]: Create new course: s
2023-01-28 22:35 [DEBUG]: Create new course: s
2023-01-28 22:59 [DEBUG]: Save new message
2023-01-28 23:00 [DEBUG]: Save new message
2023-01-28 23:02 [DEBUG]: Save new message
2023-01-28 23:03 [DEBUG]: Save new message
